[dhdDelta():20.06.00.0003] - Did not find FalconCommon.txt
[dhdComUSB::dhdComUSB():20.06.00.0003] - Constructor
[dhdDelta():20.06.00.0004] - Did not find FalconCommon.txt
[dhdComUSB::dhdComUSB():20.06.00.0004] - Constructor
[dhdDelta():20.06.00.0005] - Did not find FalconCommon.txt
[dhdComUSB::dhdComUSB():20.06.00.0005] - Constructor
[dhdDelta():20.06.00.0006] - Did not find FalconCommon.txt
[dhdComUSB::dhdComUSB():20.06.00.0006] - Constructor
[dhdDelta():20.06.00.0007] - Did not find FalconCommon.txt
[dhdComUSB::dhdComUSB():20.06.00.0007] - Constructor
[dhdDelta():20.06.00.0008] - Did not find FalconCommon.txt
[dhdComUSB::dhdComUSB():20.06.00.0008] - Constructor
[dhdDelta():20.06.00.0009] - Did not find FalconCommon.txt
[dhdComUSB::dhdComUSB():20.06.00.0009] - Constructor
[dhdDelta():20.06.00.0009] - Did not find FalconCommon.txt
[dhdComUSB::dhdComUSB():20.06.00.0010] - Constructor
[dhdDelta():20.06.00.0010] - Did not find FalconCommon.txt
[dhdComUSB::dhdComUSB():20.06.00.0010] - Constructor
[dhdDelta():20.06.00.0011] - Did not find FalconCommon.txt
[dhdComUSB::dhdComUSB():20.06.00.0011] - Constructor
[dhdOpenWithReset():20.06.00.0201] - currentDevice = 0, l_serNum = 16000329, is NOT smart
[dhdOpenWithReset():20.06.00.0282] - l_serNum after getFileName = 16000329
[dhdOpenWithReset():20.06.00.0283] - Found falcon_12_0101.bin at C:\Program Files (x86)\Novint\Falcon\HDAL\bin\falcon_12_0101.bin
[dhdOpenWithReset():20.06.00.0283] - comUSB[0]open(16000329, C:\Program Files (x86)\Novint\Falcon\HDAL\bin\falcon_12_0101.bin, False)
[dhdComUSB::open():20.06.00.0283] - Open(C:\Program Files (x86)\Novint\Falcon\HDAL\bin\falcon_12_0101.bin, false)
[dhdComUSB::open():20.06.00.0290] - OpenUSBPort succeeded after 1 tries
[dhdComUSB::open():20.06.00.0290] - deviceType = 0
[dhdComUSB::open():20.06.00.0290] - deviceID   = 67357512d
[dhdComUSB::open():20.06.00.0290] - deviceSN   = 16000329
[dhdComUSB::open():20.06.00.0291] - deviceDesc = FALCON HAPTIC
[dhdComUSB::OpenDeviceCommunications():20.06.00.0291] - Set Baud Rate Status: 0
[dhdComUSB::OpenDeviceCommunications():20.06.00.0693] - update() okay after 1 updates
[dhdComUSB::OpenDeviceCommunications():20.06.00.0693] - Returning 0
[dhdComUSB::changeGrip():20.06.00.2694] - New Grip: G_A
[dhdComUSB::changeGrip():20.06.00.2695] - Started grip change
[changeGripThreadFunc::20.06.00.2697] - deleting old grip object
[changeGripThreadFunc::20.06.00.2697] - Loading grip type G_A
[changeGripThreadFunc::20.06.00.2715] - Loading delta
[dhdDelta():20.06.00.2717] - Did not find FalconCommon.txt
[changeGripThreadFunc::20.06.00.2717] - Done loading new grip
[dhdComUSB::processData():20.06.00.4293] - G_C
[dhdComUSB::changeGrip():20.06.00.4293] - New Grip: G_C
[dhdComUSB::changeGrip():20.06.00.4295] - Started grip change
[changeGripThreadFunc::20.06.00.4299] - deleting old grip object
[changeGripThreadFunc::20.06.00.4302] - Loading grip type G_C
[changeGripThreadFunc::20.06.00.4364] - Loading delta
[dhdDelta():20.06.00.4368] - Did not find FalconCommon.txt
[changeGripThreadFunc::20.06.00.4368] - Done loading new grip
[dhdComUSB::processData():20.06.00.4766] - G_C
[dhdComUSB::processData():20.06.00.6481] - G_C
[dhdComUSB::tryCalibration():20.06.01.0553] - HomeDisabled, LED Blue
[dhdComUSB::processData():20.06.01.3368] - G_C
[dhdComUSB::processData():20.06.01.5900] - G_C
[dhdComUSB::processData():20.06.02.0915] - G_C
[dhdComUSB::processData():20.06.02.5909] - G_C
[dhdComUSB::processData():20.06.03.0905] - G_C
[dhdComUSB::processData():20.06.03.5919] - G_C
[dhdComUSB::processData():20.06.04.0920] - G_C
[dhdComUSB::processData():20.06.04.5910] - G_C
[dhdComUSB::processData():20.06.05.0904] - G_C
[dhdComUSB::processData():20.06.05.5902] - G_C
[dhdComUSB::processData():20.06.06.0917] - G_C
[dhdComUSB::processData():20.06.06.5913] - G_C
[dhdComUSB::processData():20.06.07.0911] - G_C
[dhdComUSB::processData():20.06.07.5907] - G_C
[dhdComUSB::processData():20.06.08.0920] - G_C
[dhdComUSB::processData():20.06.08.5906] - G_C
[dhdComUSB::processData():20.06.09.0919] - G_C
[dhdComUSB::processData():20.06.09.5914] - G_C
[dhdComUSB::processData():20.06.10.0908] - G_C
[dhdComUSB::processData():20.06.10.5905] - G_C
[dhdComUSB::processData():20.06.11.0924] - G_C
[dhdComUSB::processData():20.06.11.5918] - G_C
[dhdComUSB::processData():20.06.12.0914] - G_C
[dhdComUSB::processData():20.06.12.5915] - G_C
[dhdComUSB::processData():20.06.13.0922] - G_C
[dhdComUSB::processData():20.06.13.5908] - G_C
[dhdComUSB::processData():20.06.14.0923] - G_C
[dhdComUSB::processData():20.06.14.5920] - G_C
[dhdComUSB::processData():20.06.15.0914] - G_C
[dhdComUSB::processData():20.06.15.5910] - G_C
[dhdComUSB::processData():20.06.16.0915] - G_C
[dhdComUSB::processData():20.06.16.5909] - G_C
[dhdComUSB::processData():20.06.17.0905] - G_C
[dhdComUSB::processData():20.06.17.5918] - G_C
[dhdComUSB::processData():20.06.18.0913] - G_C
[dhdComUSB::processData():20.06.18.5919] - G_C
[dhdComUSB::processData():20.06.19.0923] - G_C
[dhdComUSB::processData():20.06.19.5907] - G_C
[dhdComUSB::processData():20.06.20.0921] - G_C
[dhdComUSB::processData():20.06.20.5917] - G_C
[dhdComUSB::processData():20.06.21.0918] - G_C
[dhdComUSB::processData():20.06.21.5924] - G_C
[dhdComUSB::processData():20.06.22.0910] - G_C
[dhdComUSB::processData():20.06.22.5925] - G_C
[dhdComUSB::processData():20.06.23.0920] - G_C
[dhdComUSB::processData():20.06.23.5913] - G_C
[dhdComUSB::processData():20.06.24.0918] - G_C
[dhdComUSB::processData():20.06.24.5924] - G_C
[dhdComUSB::processData():20.06.25.0908] - G_C
[dhdComUSB::processData():20.06.25.5923] - G_C
[dhdComUSB::processData():20.06.26.0916] - G_C
[dhdComUSB::processData():20.06.26.5913] - G_C
[dhdComUSB::processData():20.06.27.0911] - G_C
[dhdComUSB::processData():20.06.27.5926] - G_C
[dhdComUSB::processData():20.06.28.0909] - G_C
[dhdComUSB::processData():20.06.28.5917] - G_C
[dhdComUSB::processData():20.06.29.0915] - G_C
[dhdComUSB::processData():20.06.29.5927] - G_C
[dhdComUSB::processData():20.06.30.0910] - G_C
[dhdComUSB::processData():20.06.30.5926] - G_C
[dhdComUSB::processData():20.06.31.0923] - G_C
[dhdComUSB::processData():20.06.31.5920] - G_C
[dhdComUSB::processData():20.06.32.0914] - G_C
[dhdComUSB::processData():20.06.32.5930] - G_C
[dhdComUSB::processData():20.06.33.0926] - G_C
[dhdComUSB::processData():20.06.33.5912] - G_C
[dhdComUSB::processData():20.06.34.0926] - G_C
[dhdComUSB::processData():20.06.34.5922] - G_C
[dhdComUSB::processData():20.06.35.0916] - G_C
[dhdComUSB::processData():20.06.35.5931] - G_C
[dhdComUSB::processData():20.06.36.0913] - G_C
[dhdComUSB::processData():20.06.36.5929] - G_C
[dhdComUSB::processData():20.06.37.0926] - G_C
[dhdComUSB::processData():20.06.37.5919] - G_C
[dhdComUSB::processData():20.06.38.0922] - G_C
[dhdComUSB::processData():20.06.38.5915] - G_C
[dhdComUSB::processData():20.06.39.0931] - G_C
[dhdComUSB::processData():20.06.39.5925] - G_C
[dhdComUSB::processData():20.06.40.0928] - G_C
[dhdComUSB::processData():20.06.40.5924] - G_C
[dhdComUSB::processData():20.06.41.0918] - G_C
[dhdComUSB::processData():20.06.41.5933] - G_C
[dhdComUSB::processData():20.06.42.0927] - G_C
[dhdComUSB::processData():20.06.42.5921] - G_C
[dhdComUSB::processData():20.06.43.0927] - G_C
[dhdComUSB::processData():20.06.43.5933] - G_C
[dhdComUSB::processData():20.06.44.0916] - G_C
[dhdComUSB::processData():20.06.44.5932] - G_C
[dhdComUSB::processData():20.06.45.0927] - G_C
[dhdComUSB::processData():20.06.45.5920] - G_C
[dhdComUSB::processData():20.06.46.0934] - G_C
[dhdComUSB::processData():20.06.46.5919] - G_C
[dhdComUSB::processData():20.06.47.0932] - G_C
[dhdComUSB::processData():20.06.47.5916] - G_C
[dhdComUSB::processData():20.06.48.0923] - G_C
[dhdComUSB::processData():20.06.48.5922] - G_C
[dhdComUSB::processData():20.06.49.0935] - G_C
[dhdComUSB::processData():20.06.49.5918] - G_C
[dhdComUSB::processData():20.06.50.0934] - G_C
[dhdComUSB::processData():20.06.50.5925] - G_C
[dhdComUSB::processData():20.06.51.0930] - G_C
[dhdComUSB::processData():20.06.51.5936] - G_C
[dhdComUSB::processData():20.06.52.0919] - G_C
[dhdComUSB::processData():20.06.52.5933] - G_C
[dhdComUSB::processData():20.06.53.0927] - G_C
[dhdComUSB::processData():20.06.53.5932] - G_C
[dhdComUSB::processData():20.06.54.0938] - G_C
[dhdComUSB::processData():20.06.54.5922] - G_C
[dhdComUSB::processData():20.06.55.0931] - G_C
[dhdComUSB::processData():20.06.55.5934] - G_C
[dhdComUSB::processData():20.06.56.0935] - G_C
[dhdComUSB::processData():20.06.56.5940] - G_C
[dhdComUSB::processData():20.06.57.0923] - G_C
[dhdComUSB::processData():20.06.57.5939] - G_C
[dhdComUSB::processData():20.06.58.0935] - G_C
[dhdComUSB::processData():20.06.58.5928] - G_C
[dhdComUSB::processData():20.06.59.0926] - G_C
[dhdComUSB::processData():20.06.59.5942] - G_C
[dhdComUSB::processData():20.07.00.0924] - G_C
[dhdComUSB::processData():20.07.00.5923] - G_C
[dhdComUSB::processData():20.07.01.0942] - G_C
[dhdComUSB::processData():20.07.01.5927] - G_C
[dhdComUSB::processData():20.07.02.0942] - G_C
[dhdComUSB::processData():20.07.02.5927] - G_C
[dhdComUSB::processData():20.07.03.0935] - G_C
[dhdComUSB::processData():20.07.03.5929] - G_C
[dhdComUSB::processData():20.07.04.0936] - G_C
[dhdComUSB::processData():20.07.04.5929] - G_C
[dhdComUSB::processData():20.07.05.0935] - G_C
[dhdComUSB::processData():20.07.05.5939] - G_C
[dhdComUSB::processData():20.07.06.0933] - G_C
[dhdComUSB::processData():20.07.06.5938] - G_C
[dhdComUSB::processData():20.07.07.0945] - G_C
[dhdComUSB::processData():20.07.07.5938] - G_C
[dhdComUSB::processData():20.07.08.0941] - G_C
[dhdComUSB::processData():20.07.08.5933] - G_C
[dhdComUSB::processData():20.07.09.0938] - G_C
[dhdComUSB::processData():20.07.09.5943] - G_C
[dhdComUSB::processData():20.07.10.0939] - G_C
[dhdComUSB::processData():20.07.10.5943] - G_C
[dhdComUSB::processData():20.07.11.0951] - G_C
[dhdComUSB::processData():20.07.11.5936] - G_C
[dhdComUSB::processData():20.07.12.0930] - G_C
[dhdComUSB::processData():20.07.12.5947] - G_C
[dhdComUSB::processData():20.07.13.0944] - G_C
[dhdComUSB::processData():20.07.13.5944] - G_C
[dhdComUSB::processData():20.07.14.0941] - G_C
[dhdComUSB::processData():20.07.14.5950] - G_C
[dhdComUSB::processData():20.07.15.0946] - G_C
[dhdComUSB::processData():20.07.15.5942] - G_C
[dhdComUSB::processData():20.07.16.0938] - G_C
[dhdComUSB::processData():20.07.16.5936] - G_C
[dhdComUSB::processData():20.07.17.0952] - G_C
[dhdComUSB::processData():20.07.17.5947] - G_C
[dhdComUSB::processData():20.07.18.0941] - G_C
[dhdComUSB::processData():20.07.18.5947] - G_C
[dhdComUSB::processData():20.07.19.0953] - G_C
[dhdComUSB::processData():20.07.19.5938] - G_C
[dhdComUSB::processData():20.07.20.0952] - G_C
[dhdComUSB::processData():20.07.20.5946] - G_C
[dhdComUSB::processData():20.07.21.0949] - G_C
[dhdComUSB::processData():20.07.21.5945] - G_C
[dhdComUSB::processData():20.07.22.0939] - G_C
[dhdComUSB::processData():20.07.22.5955] - G_C
[dhdComUSB::processData():20.07.23.0949] - G_C
[dhdComUSB::processData():20.07.23.5947] - G_C
[dhdComUSB::processData():20.07.24.0940] - G_C
[dhdComUSB::processData():20.07.24.5948] - G_C
[dhdComUSB::processData():20.07.25.0954] - G_C
[dhdComUSB::processData():20.07.25.5938] - G_C
[dhdComUSB::processData():20.07.26.0944] - G_C
[dhdComUSB::processData():20.07.26.5950] - G_C
[dhdComUSB::processData():20.07.27.0949] - G_C
[dhdComUSB::processData():20.07.27.5954] - G_C
[dhdComUSB::processData():20.07.28.0939] - G_C
[dhdComUSB::processData():20.07.28.5952] - G_C
[dhdComUSB::processData():20.07.29.0948] - G_C
[dhdComUSB::processData():20.07.29.5945] - G_C
[dhdComUSB::processData():20.07.30.0942] - G_C
[dhdComUSB::processData():20.07.30.5939] - G_C
[dhdComUSB::processData():20.07.31.0955] - G_C
[dhdComUSB::processData():20.07.31.5949] - G_C
[dhdComUSB::processData():20.07.32.0952] - G_C
[dhdComUSB::processData():20.07.32.5941] - G_C
[dhdComUSB::processData():20.07.33.0958] - G_C
[dhdComUSB::processData():20.07.33.5956] - G_C
[dhdComUSB::processData():20.07.34.0952] - G_C
[dhdComUSB::processData():20.07.34.5947] - G_C
[dhdComUSB::processData():20.07.35.0963] - G_C
[dhdComUSB::processData():20.07.35.5958] - G_C
[dhdComUSB::processData():20.07.36.0944] - G_C
[dhdComUSB::processData():20.07.36.5951] - G_C
[dhdComUSB::processData():20.07.37.0955] - G_C
[dhdComUSB::processData():20.07.37.5963] - G_C
[dhdComUSB::processData():20.07.38.0954] - G_C
[dhdComUSB::processData():20.07.38.5960] - G_C
[dhdComUSB::processData():20.07.39.0957] - G_C
[dhdComUSB::processData():20.07.39.5962] - G_C
[dhdComUSB::processData():20.07.40.0956] - G_C
[dhdComUSB::processData():20.07.40.5960] - G_C
[dhdComUSB::processData():20.07.41.0955] - G_C
[dhdComUSB::processData():20.07.41.5970] - G_C
[dhdComUSB::processData():20.07.42.0953] - G_C
[dhdComUSB::processData():20.07.42.5967] - G_C
[dhdComUSB::processData():20.07.43.0970] - G_C
[dhdComUSB::processData():20.07.43.5954] - G_C
[dhdComUSB::processData():20.07.44.0972] - G_C
[dhdComUSB::processData():20.07.44.5970] - G_C
[dhdComUSB::processData():20.07.45.0965] - G_C
[dhdComUSB::processData():20.07.45.5958] - G_C
[dhdComUSB::processData():20.07.46.0958] - G_C
[dhdComUSB::processData():20.07.46.5973] - G_C
[dhdComUSB::processData():20.07.47.0970] - G_C
[dhdComUSB::processData():20.07.47.5962] - G_C
[dhdComUSB::processData():20.07.48.0975] - G_C
[dhdComUSB::processData():20.07.48.5959] - G_C
[dhdComUSB::processData():20.07.49.0969] - G_C
[dhdComUSB::processData():20.07.49.5969] - G_C
[dhdComUSB::processData():20.07.50.0966] - G_C
[dhdComUSB::processData():20.07.50.5964] - G_C
[dhdComUSB::processData():20.07.51.0979] - G_C
[dhdComUSB::processData():20.07.51.5962] - G_C
[dhdComUSB::processData():20.07.52.0976] - G_C
[dhdComUSB::processData():20.07.52.5971] - G_C
[dhdComUSB::processData():20.07.53.0966] - G_C
[dhdComUSB::processData():20.07.53.5970] - G_C
[dhdComUSB::processData():20.07.54.0974] - G_C
[dhdComUSB::processData():20.07.54.5962] - G_C
[dhdComUSB::processData():20.07.55.0968] - G_C
[dhdComUSB::processData():20.07.55.5974] - G_C
[dhdComUSB::processData():20.07.56.0968] - G_C
[dhdComUSB::processData():20.07.56.5974] - G_C
[dhdComUSB::processData():20.07.57.0978] - G_C
[dhdComUSB::processData():20.07.57.5975] - G_C
[dhdComUSB::processData():20.07.58.0973] - G_C
[dhdComUSB::processData():20.07.58.5979] - G_C
[dhdComUSB::processData():20.07.59.0973] - G_C
[dhdComUSB::processData():20.07.59.5980] - G_C
[dhdComUSB::processData():20.08.00.0976] - G_C
[dhdComUSB::processData():20.08.00.5972] - G_C
[dhdComUSB::processData():20.08.01.0977] - G_C
[dhdComUSB::processData():20.08.01.5981] - G_C
[dhdComUSB::processData():20.08.02.0978] - G_C
[dhdComUSB::processData():20.08.02.5975] - G_C
[dhdComUSB::processData():20.08.03.0971] - G_C
[dhdComUSB::processData():20.08.03.5979] - G_C
[dhdComUSB::processData():20.08.04.0976] - G_C
[dhdComUSB::processData():20.08.04.5985] - G_C
[dhdComUSB::processData():20.08.05.0988] - G_C
[dhdComUSB::processData():20.08.05.5973] - G_C
[dhdComUSB::processData():20.08.06.0988] - G_C
[dhdComUSB::processData():20.08.06.5986] - G_C
[dhdComUSB::processData():20.08.07.0980] - G_C
[dhdComUSB::processData():20.08.07.5994] - G_C
[dhdComUSB::processData():20.08.08.0991] - G_C
[dhdComUSB::processData():20.08.08.5984] - G_C
[dhdComUSB::processData():20.08.09.0989] - G_C
[dhdComUSB::processData():20.08.09.5995] - G_C
[dhdComUSB::processData():20.08.10.0979] - G_C
[dhdComUSB::processData():20.08.10.5993] - G_C
[dhdComUSB::processData():20.08.11.0991] - G_C
[dhdComUSB::processData():20.08.11.5997] - G_C
[dhdComUSB::processData():20.08.12.0980] - G_C
[dhdComUSB::processData():20.08.12.5988] - G_C
[dhdComUSB::processData():20.08.13.0993] - G_C
[dhdComUSB::processData():20.08.13.5989] - G_C
[dhdComUSB::processData():20.08.14.0998] - G_C
[dhdComUSB::processData():20.08.14.5986] - G_C
[dhdComUSB::processData():20.08.15.1000] - G_C
[dhdComUSB::processData():20.08.15.5995] - G_C
[dhdComUSB::processData():20.08.16.1001] - G_C
[dhdComUSB::processData():20.08.16.5984] - G_C
[dhdComUSB::processData():20.08.17.0983] - G_C
[dhdComUSB::processData():20.08.17.5985] - G_C
[dhdComUSB::processData():20.08.18.0993] - G_C
[dhdComUSB::processData():20.08.18.5988] - G_C
[dhdComUSB::processData():20.08.19.1003] - G_C
[dhdComUSB::processData():20.08.19.5998] - G_C
[dhdComUSB::processData():20.08.20.0999] - G_C
[dhdComUSB::processData():20.08.20.5993] - G_C
[dhdComUSB::processData():20.08.21.1007] - G_C
[dhdComUSB::processData():20.08.21.6004] - G_C
[dhdComUSB::processData():20.08.22.0995] - G_C
[dhdComUSB::processData():20.08.22.6000] - G_C
[dhdComUSB::processData():20.08.23.1000] - G_C
[dhdComUSB::processData():20.08.23.5994] - G_C
[dhdComUSB::processData():20.08.24.1008] - G_C
[dhdComUSB::processData():20.08.24.6005] - G_C
[dhdComUSB::processData():20.08.25.1002] - G_C
[dhdComUSB::processData():20.08.25.5999] - G_C
[dhdComUSB::processData():20.08.26.1002] - G_C
[dhdComUSB::processData():20.08.26.6010] - G_C
[dhdComUSB::processData():20.08.27.1005] - G_C
[dhdComUSB::processData():20.08.27.6002] - G_C
[dhdComUSB::processData():20.08.28.0996] - G_C
[dhdComUSB::processData():20.08.28.5995] - G_C
[dhdComUSB::processData():20.08.29.1011] - G_C
[dhdComUSB::processData():20.08.29.6004] - G_C
[dhdComUSB::processData():20.08.30.1000] - G_C
[dhdComUSB::processData():20.08.30.6014] - G_C
[dhdComUSB::processData():20.08.31.1000] - G_C
[dhdComUSB::processData():20.08.31.6014] - G_C
[dhdComUSB::processData():20.08.32.1018] - G_C
[dhdComUSB::processData():20.08.32.6002] - G_C
[dhdComUSB::processData():20.08.33.1017] - G_C
[dhdComUSB::processData():20.08.33.6013] - G_C
[dhdComUSB::processData():20.08.34.1007] - G_C
[dhdComUSB::processData():20.08.34.6004] - G_C
[dhdComUSB::processData():20.08.35.1005] - G_C
[dhdComUSB::processData():20.08.35.6010] - G_C
[dhdComUSB::processData():20.08.36.1017] - G_C
[dhdComUSB::processData():20.08.36.6012] - G_C
[dhdComUSB::processData():20.08.37.1005] - G_C
[dhdComUSB::processData():20.08.37.6021] - G_C
[dhdComUSB::processData():20.08.38.1006] - G_C
[dhdComUSB::processData():20.08.38.6016] - G_C
[dhdComUSB::processData():20.08.39.1010] - G_C
[dhdComUSB::processData():20.08.39.6015] - G_C
[dhdComUSB::processData():20.08.40.1020] - G_C
[dhdComUSB::processData():20.08.40.6005] - G_C
[dhdComUSB::processData():20.08.41.1014] - G_C
[dhdComUSB::processData():20.08.41.6018] - G_C
[dhdComUSB::processData():20.08.42.1011] - G_C
[dhdComUSB::processData():20.08.42.6008] - G_C
[dhdComUSB::processData():20.08.43.1024] - G_C
[dhdComUSB::processData():20.08.43.6020] - G_C
[dhdComUSB::processData():20.08.44.1016] - G_C
[dhdComUSB::processData():20.08.44.6013] - G_C
[dhdComUSB::processData():20.08.45.1017] - G_C
[dhdComUSB::processData():20.08.45.6011] - G_C
[dhdComUSB::processData():20.08.46.1015] - G_C
[dhdComUSB::processData():20.08.46.6021] - G_C
[dhdComUSB::processData():20.08.47.1017] - G_C
[dhdComUSB::processData():20.08.47.6011] - G_C
[dhdComUSB::processData():20.08.48.1017] - G_C
[dhdComUSB::processData():20.08.48.6023] - G_C
[dhdComUSB::processData():20.08.49.1023] - G_C
[dhdComUSB::processData():20.08.49.6021] - G_C
[dhdComUSB::processData():20.08.50.1013] - G_C
[dhdComUSB::processData():20.08.50.6020] - G_C
[dhdComUSB::processData():20.08.51.1026] - G_C
[dhdComUSB::processData():20.08.51.6023] - G_C
[dhdComUSB::processData():20.08.52.1022] - G_C
[dhdComUSB::processData():20.08.52.6015] - G_C
[dhdComUSB::processData():20.08.53.1012] - G_C
[dhdComUSB::processData():20.08.53.6018] - G_C
[dhdComUSB::processData():20.08.54.1012] - G_C
[dhdComUSB::processData():20.08.54.6011] - G_C
[dhdComUSB::processData():20.08.55.1019] - G_C
[dhdComUSB::processData():20.08.55.6015] - G_C
[dhdComUSB::processData():20.08.56.1028] - G_C
[dhdComUSB::processData():20.08.56.6013] - G_C
[dhdComUSB::processData():20.08.57.1013] - G_C
[dhdComUSB::processData():20.08.57.6019] - G_C
[dhdComUSB::processData():20.08.58.1017] - G_C
[dhdComUSB::processData():20.08.58.6020] - G_C
[dhdComUSB::processData():20.08.59.1027] - G_C
[dhdComUSB::processData():20.08.59.6031] - G_C
[dhdComUSB::processData():20.09.00.1026] - G_C
[dhdComUSB::processData():20.09.00.6019] - G_C
[dhdComUSB::processData():20.09.01.1023] - G_C
[dhdComUSB::processData():20.09.01.6029] - G_C
[dhdComUSB::processData():20.09.02.1013] - G_C
[dhdComUSB::processData():20.09.02.6028] - G_C
[dhdComUSB::processData():20.09.03.1022] - G_C
[dhdComUSB::processData():20.09.03.6028] - G_C
[dhdComUSB::processData():20.09.04.1016] - G_C
[dhdComUSB::processData():20.09.04.6014] - G_C
[dhdComUSB::processData():20.09.05.1031] - G_C
[dhdComUSB::processData():20.09.05.6026] - G_C
[dhdComUSB::processData():20.09.06.1020] - G_C
[dhdComUSB::processData():20.09.06.6034] - G_C
[dhdComUSB::processData():20.09.07.1030] - G_C
[dhdComUSB::processData():20.09.07.6018] - G_C
[dhdComUSB::processData():20.09.08.1021] - G_C
[dhdComUSB::processData():20.09.08.6029] - G_C
[dhdComUSB::processData():20.09.09.1034] - G_C
[dhdComUSB::processData():20.09.09.6028] - G_C
[dhdComUSB::processData():20.09.10.1026] - G_C
[dhdComUSB::processData():20.09.10.6031] - G_C
[dhdComUSB::processData():20.09.11.1039] - G_C
[dhdComUSB::processData():20.09.11.6037] - G_C
[dhdComUSB::processData():20.09.12.1035] - G_C
[dhdComUSB::processData():20.09.12.6031] - G_C
[dhdComUSB::processData():20.09.13.1041] - G_C
[dhdComUSB::processData():20.09.13.6039] - G_C
[dhdComUSB::processData():20.09.14.1037] - G_C
[dhdComUSB::processData():20.09.14.6025] - G_C
[dhdComUSB::processData():20.09.15.1032] - G_C
[dhdComUSB::processData():20.09.15.6029] - G_C
[dhdComUSB::processData():20.09.16.1025] - G_C
[dhdComUSB::processData():20.09.16.6024] - G_C
[dhdComUSB::processData():20.09.17.1024] - G_C
[dhdComUSB::processData():20.09.17.6031] - G_C
[dhdComUSB::processData():20.09.18.1036] - G_C
[dhdComUSB::processData():20.09.18.6030] - G_C
[dhdComUSB::processData():20.09.19.1027] - G_C
[dhdComUSB::processData():20.09.19.6034] - G_C
[dhdComUSB::processData():20.09.20.1033] - G_C
[dhdComUSB::processData():20.09.20.6031] - G_C
[dhdComUSB::processData():20.09.21.1045] - G_C
[dhdComUSB::processData():20.09.21.6044] - G_C
[dhdComUSB::processData():20.09.22.1040] - G_C
[dhdComUSB::processData():20.09.22.6034] - G_C
[dhdComUSB::processData():20.09.23.1034] - G_C
[dhdComUSB::processData():20.09.23.6037] - G_C
[dhdComUSB::processData():20.09.24.1044] - G_C
[dhdComUSB::processData():20.09.24.6031] - G_C
[dhdComUSB::processData():20.09.25.1047] - G_C
[dhdComUSB::processData():20.09.25.6050] - G_C
[dhdComUSB::processData():20.09.26.1033] - G_C
[dhdComUSB::processData():20.09.26.6048] - G_C
[dhdComUSB::processData():20.09.27.1044] - G_C
[dhdComUSB::processData():20.09.27.6036] - G_C
[dhdComUSB::processData():20.09.28.1041] - G_C
[dhdComUSB::processData():20.09.28.6033] - G_C
[dhdComUSB::processData():20.09.29.1049] - G_C
[dhdComUSB::processData():20.09.29.6045] - G_C
[dhdComUSB::processData():20.09.30.1048] - G_C
[dhdComUSB::processData():20.09.30.6038] - G_C
[dhdComUSB::processData():20.09.31.1051] - G_C
[dhdComUSB::processData():20.09.31.6036] - G_C
[dhdComUSB::processData():20.09.32.1044] - G_C
[dhdComUSB::processData():20.09.32.6050] - G_C
[dhdComUSB::processData():20.09.33.1047] - G_C
[dhdComUSB::processData():20.09.33.6052] - G_C
[dhdComUSB::processData():20.09.34.1038] - G_C
[dhdComUSB::processData():20.09.34.6044] - G_C
[dhdComUSB::processData():20.09.35.1042] - G_C
[dhdComUSB::processData():20.09.35.6047] - G_C
[dhdComUSB::processData():20.09.36.1043] - G_C
[dhdComUSB::processData():20.09.36.6046] - G_C
[dhdComUSB::processData():20.09.37.1051] - G_C
[dhdComUSB::processData():20.09.37.6043] - G_C
[dhdComUSB::processData():20.09.38.1058] - G_C
[dhdComUSB::processData():20.09.38.6041] - G_C
[dhdComUSB::processData():20.09.39.1052] - G_C
[dhdComUSB::processData():20.09.39.6056] - G_C
[dhdComUSB::processData():20.09.40.1050] - G_C
[dhdComUSB::processData():20.09.40.6044] - G_C
[dhdComUSB::processData():20.09.41.1049] - G_C
[dhdComUSB::processData():20.09.41.6055] - G_C
[dhdComUSB::processData():20.09.42.1049] - G_C
[dhdComUSB::processData():20.09.42.6054] - G_C
[dhdComUSB::processData():20.09.43.1050] - G_C
[dhdComUSB::processData():20.09.43.6045] - G_C
[dhdComUSB::processData():20.09.44.1043] - G_C
[dhdComUSB::processData():20.09.44.6057] - G_C
[dhdComUSB::processData():20.09.45.1041] - G_C
[dhdComUSB::processData():20.09.45.6052] - G_C
[dhdComUSB::processData():20.09.46.1060] - G_C
[dhdComUSB::processData():20.09.46.6045] - G_C
[dhdComUSB::processData():20.09.47.1062] - G_C
[dhdComUSB::processData():20.09.47.6055] - G_C
[dhdComUSB::processData():20.09.48.1050] - G_C
[dhdComUSB::processData():20.09.48.6054] - G_C
[dhdComUSB::processData():20.09.49.1062] - G_C
[dhdComUSB::processData():20.09.49.6047] - G_C
[dhdComUSB::processData():20.09.50.1053] - G_C
[dhdComUSB::processData():20.09.50.6056] - G_C
[dhdComUSB::processData():20.09.51.1052] - G_C
[dhdComUSB::processData():20.09.51.6054] - G_C
[dhdComUSB::processData():20.09.52.1060] - G_C
[dhdComUSB::processData():20.09.52.6044] - G_C
[dhdComUSB::processData():20.09.53.1058] - G_C
[dhdComUSB::processData():20.09.53.6053] - G_C
[dhdComUSB::processData():20.09.54.1057] - G_C
[dhdComUSB::processData():20.09.54.6055] - G_C
[dhdComUSB::processData():20.09.55.1060] - G_C
[dhdComUSB::processData():20.09.55.6055] - G_C
[dhdComUSB::processData():20.09.56.1059] - G_C
[dhdComUSB::processData():20.09.56.6054] - G_C
[dhdComUSB::processData():20.09.57.1065] - G_C
[dhdComUSB::processData():20.09.57.6051] - G_C
[dhdComUSB::processData():20.09.58.1056] - G_C
[dhdComUSB::processData():20.09.58.6062] - G_C
[dhdComUSB::processData():20.09.59.1056] - G_C
[dhdComUSB::processData():20.09.59.6064] - G_C
[dhdComUSB::processData():20.10.00.1048] - G_C
[dhdComUSB::processData():20.10.00.6064] - G_C
[dhdComUSB::processData():20.10.01.1048] - G_C
[dhdComUSB::processData():20.10.01.6054] - G_C
[dhdComUSB::processData():20.10.02.1058] - G_C
[dhdComUSB::processData():20.10.02.6067] - G_C
[dhdComUSB::processData():20.10.03.1062] - G_C
[dhdComUSB::processData():20.10.03.6063] - G_C
[dhdComUSB::processData():20.10.04.1057] - G_C
[dhdComUSB::processData():20.10.04.6067] - G_C
[dhdComUSB::processData():20.10.05.1060] - G_C
[dhdComUSB::processData():20.10.05.6067] - G_C
[dhdComUSB::processData():20.10.06.1065] - G_C
[dhdComUSB::processData():20.10.06.6049] - G_C
[dhdComUSB::processData():20.10.07.1055] - G_C
[dhdComUSB::processData():20.10.07.6053] - G_C
[dhdComUSB::processData():20.10.08.1051] - G_C
[dhdComUSB::processData():20.10.08.6050] - G_C
[dhdComUSB::processData():20.10.09.1065] - G_C
[dhdComUSB::processData():20.10.09.6061] - G_C
[dhdComUSB::processData():20.10.10.1055] - G_C
[dhdComUSB::processData():20.10.10.6053] - G_C
[dhdComUSB::processData():20.10.11.1068] - G_C
[dhdComUSB::processData():20.10.11.6064] - G_C
[dhdComUSB::processData():20.10.12.1057] - G_C
[dhdComUSB::processData():20.10.12.6062] - G_C
[dhdComUSB::processData():20.10.13.1057] - G_C
[dhdComUSB::processData():20.10.13.6052] - G_C
[dhdComUSB::processData():20.10.14.1069] - G_C
[dhdComUSB::processData():20.10.14.6051] - G_C
[dhdComUSB::processData():20.10.15.1066] - G_C
[dhdComUSB::processData():20.10.15.6061] - G_C
[dhdComUSB::processData():20.10.16.1056] - G_C
[dhdComUSB::processData():20.10.16.6054] - G_C
[dhdComUSB::processData():20.10.17.1052] - G_C
[dhdComUSB::processData():20.10.17.6067] - G_C
[dhdComUSB::processData():20.10.18.1060] - G_C
[dhdComUSB::processData():20.10.18.6064] - G_C
[dhdComUSB::processData():20.10.19.1069] - G_C
[dhdComUSB::processData():20.10.19.6053] - G_C
[dhdComUSB::processData():20.10.20.1063] - G_C
[dhdComUSB::processData():20.10.20.6066] - G_C
[dhdComUSB::processData():20.10.21.1071] - G_C
[dhdComUSB::processData():20.10.21.6065] - G_C
[dhdComUSB::processData():20.10.22.1071] - G_C
[dhdComUSB::processData():20.10.22.6055] - G_C
[dhdComUSB::processData():20.10.23.1069] - G_C
[dhdComUSB::processData():20.10.23.6067] - G_C
[dhdComUSB::processData():20.10.24.1059] - G_C
[dhdComUSB::processData():20.10.24.6074] - G_C
[dhdComUSB::processData():20.10.25.1071] - G_C
[dhdComUSB::processData():20.10.25.6069] - G_C
[dhdComUSB::processData():20.10.26.1075] - G_C
[dhdComUSB::processData():20.10.26.6063] - G_C
[dhdComUSB::processData():20.10.27.1060] - G_C
[dhdComUSB::processData():20.10.27.6066] - G_C
[dhdComUSB::processData():20.10.28.1070] - G_C
[dhdComUSB::processData():20.10.28.6064] - G_C
[dhdComUSB::processData():20.10.29.1071] - G_C
[dhdComUSB::processData():20.10.29.6069] - G_C
[dhdComUSB::processData():20.10.30.1069] - G_C
[dhdComUSB::processData():20.10.30.6084] - G_C
[dhdComUSB::processData():20.10.31.1080] - G_C
[dhdComUSB::processData():20.10.31.6075] - G_C
[dhdComUSB::processData():20.10.32.1078] - G_C
[dhdComUSB::processData():20.10.32.6083] - G_C
[dhdComUSB::processData():20.10.33.1068] - G_C
[dhdComUSB::processData():20.10.33.6084] - G_C
[dhdComUSB::processData():20.10.34.1081] - G_C
[dhdComUSB::processData():20.10.34.6078] - G_C
[dhdComUSB::processData():20.10.35.1071] - G_C
[dhdComUSB::processData():20.10.35.6076] - G_C
[dhdComUSB::processData():20.10.36.1085] - G_C
[dhdComUSB::processData():20.10.36.6069] - G_C
[dhdComUSB::processData():20.10.37.1084] - G_C
[dhdComUSB::processData():20.10.37.6072] - G_C
[dhdComUSB::processData():20.10.38.1078] - G_C
[dhdComUSB::processData():20.10.38.6072] - G_C
[dhdComUSB::processData():20.10.39.1069] - G_C
[dhdComUSB::processData():20.10.39.6082] - G_C
[dhdComUSB::processData():20.10.40.1075] - G_C
[dhdComUSB::processData():20.10.40.6073] - G_C
[dhdComUSB::processData():20.10.41.1079] - G_C
[dhdComUSB::processData():20.10.41.6085] - G_C
[dhdComUSB::processData():20.10.42.1078] - G_C
[dhdComUSB::processData():20.10.42.6086] - G_C
[dhdComUSB::processData():20.10.43.1088] - G_C
[dhdComUSB::processData():20.10.43.6088] - G_C
[dhdComUSB::processData():20.10.44.1075] - G_C
[dhdComUSB::processData():20.10.44.6082] - G_C
[dhdComUSB::processData():20.10.45.1079] - G_C
[dhdComUSB::processData():20.10.45.6076] - G_C
[dhdComUSB::processData():20.10.46.1074] - G_C
[dhdComUSB::processData():20.10.46.6089] - G_C
[dhdComUSB::processData():20.10.47.1086] - G_C
[dhdComUSB::processData():20.10.47.6083] - G_C
[dhdComUSB::processData():20.10.48.1092] - G_C
[dhdComUSB::processData():20.10.48.6085] - G_C
[dhdComUSB::processData():20.10.49.1090] - G_C
[dhdComUSB::processData():20.10.49.6086] - G_C
[dhdComUSB::processData():20.10.50.1083] - G_C
[dhdComUSB::processData():20.10.50.6082] - G_C
[dhdComUSB::processData():20.10.51.1090] - G_C
[dhdComUSB::processData():20.10.51.6078] - G_C
[dhdComUSB::processData():20.10.52.1094] - G_C
[dhdComUSB::processData():20.10.52.6084] - G_C
[dhdComUSB::processData():20.10.53.1098] - G_C
[dhdComUSB::processData():20.10.53.6095] - G_C
[dhdComUSB::processData():20.10.54.1088] - G_C
[dhdComUSB::processData():20.10.54.6085] - G_C
[dhdComUSB::processData():20.10.55.1091] - G_C
[dhdComUSB::processData():20.10.55.6099] - G_C
[dhdComUSB::processData():20.10.56.1096] - G_C
[dhdComUSB::processData():20.10.56.6091] - G_C
[dhdComUSB::processData():20.10.57.1089] - G_C
[dhdComUSB::processData():20.10.57.6092] - G_C
[dhdComUSB::processData():20.10.58.1102] - G_C
[dhdComUSB::processData():20.10.58.6099] - G_C
[dhdComUSB::processData():20.10.59.1092] - G_C
[dhdComUSB::processData():20.10.59.6090] - G_C
[dhdComUSB::processData():20.11.00.1094] - G_C
[dhdComUSB::processData():20.11.00.6099] - G_C
[dhdComUSB::processData():20.11.01.1093] - G_C
[dhdComUSB::processData():20.11.01.6098] - G_C
[dhdComUSB::processData():20.11.02.1092] - G_C
[dhdComUSB::processData():20.11.02.6096] - G_C
[dhdComUSB::processData():20.11.03.1105] - G_C
[dhdComUSB::processData():20.11.03.6102] - G_C
[dhdComUSB::processData():20.11.04.1101] - G_C
[dhdComUSB::processData():20.11.04.6094] - G_C
[dhdComUSB::processData():20.11.05.1104] - G_C
[dhdComUSB::processData():20.11.05.6107] - G_C
[dhdComUSB::processData():20.11.06.1103] - G_C
[dhdComUSB::processData():20.11.06.6097] - G_C
[dhdComUSB::processData():20.11.07.1111] - G_C
[dhdComUSB::processData():20.11.07.6106] - G_C
[dhdComUSB::processData():20.11.08.1103] - G_C
[dhdComUSB::processData():20.11.08.6099] - G_C
[dhdComUSB::processData():20.11.09.1116] - G_C
[dhdComUSB::processData():20.11.09.6112] - G_C
[dhdComUSB::processData():20.11.10.1096] - G_C
[dhdComUSB::processData():20.11.10.6104] - G_C
[dhdComUSB::processData():20.11.11.1111] - G_C
[dhdComUSB::processData():20.11.11.6100] - G_C
[dhdComUSB::processData():20.11.12.1116] - G_C
[dhdComUSB::processData():20.11.12.6110] - G_C
[dhdComUSB::processData():20.11.13.1104] - G_C
[dhdComUSB::processData():20.11.13.6102] - G_C
[dhdComUSB::processData():20.11.14.1119] - G_C
[dhdComUSB::processData():20.11.14.6115] - G_C
[dhdComUSB::processData():20.11.15.1114] - G_C
[dhdComUSB::processData():20.11.15.6111] - G_C
[dhdComUSB::processData():20.11.16.1117] - G_C
[dhdComUSB::processData():20.11.16.6104] - G_C
[dhdComUSB::processData():20.11.17.1119] - G_C
[dhdComUSB::processData():20.11.17.6117] - G_C
[dhdComUSB::processData():20.11.18.1110] - G_C
[dhdComUSB::processData():20.11.18.6105] - G_C
[dhdComUSB::processData():20.11.19.1122] - G_C
[dhdComUSB::processData():20.11.19.6125] - G_C
[dhdComUSB::processData():20.11.20.1110] - G_C
[dhdComUSB::processData():20.11.20.6126] - G_C
[dhdComUSB::processData():20.11.21.1120] - G_C
[dhdComUSB::processData():20.11.21.6116] - G_C
[dhdComUSB::processData():20.11.22.1123] - G_C
[dhdComUSB::processData():20.11.22.6112] - G_C
[dhdComUSB::processData():20.11.23.1127] - G_C
[dhdComUSB::processData():20.11.23.6126] - G_C
[dhdComUSB::processData():20.11.24.1123] - G_C
[dhdComUSB::processData():20.11.24.6117] - G_C
[dhdComUSB::processData():20.11.25.1116] - G_C
[dhdComUSB::processData():20.11.25.6130] - G_C
[dhdComUSB::processData():20.11.26.1128] - G_C
[dhdComUSB::processData():20.11.26.6126] - G_C
[dhdComUSB::processData():20.11.27.1125] - G_C
[dhdComUSB::processData():20.11.27.6131] - G_C
[dhdComUSB::processData():20.11.28.1117] - G_C
[dhdComUSB::processData():20.11.28.6123] - G_C
[dhdComUSB::processData():20.11.29.1120] - G_C
[dhdComUSB::processData():20.11.29.6135] - G_C
[dhdComUSB::processData():20.11.30.1134] - G_C
[dhdComUSB::processData():20.11.30.6131] - G_C
[dhdComUSB::processData():20.11.31.1126] - G_C
[dhdComUSB::processData():20.11.31.6126] - G_C
[dhdComUSB::processData():20.11.32.1129] - G_C
[dhdComUSB::processData():20.11.32.6135] - G_C
[dhdComUSB::processData():20.11.33.1135] - G_C
[dhdComUSB::processData():20.11.33.6131] - G_C
[dhdComUSB::processData():20.11.34.1125] - G_C
[dhdComUSB::processData():20.11.34.6136] - G_C
[dhdComUSB::processData():20.11.35.1130] - G_C
[dhdComUSB::processData():20.11.35.6135] - G_C
[dhdComUSB::processData():20.11.36.1130] - G_C
[dhdComUSB::processData():20.11.36.6134] - G_C
[dhdComUSB::processData():20.11.37.1140] - G_C
[dhdComUSB::processData():20.11.37.6135] - G_C
[dhdComUSB::processData():20.11.38.1122] - G_C
[dhdComUSB::processData():20.11.38.6137] - G_C
[dhdComUSB::processData():20.11.39.1144] - G_C
[dhdComUSB::processData():20.11.39.6141] - G_C
[dhdComUSB::processData():20.11.40.1133] - G_C
[dhdComUSB::processData():20.11.40.6132] - G_C
[dhdComUSB::processData():20.11.41.1145] - G_C
[dhdComUSB::processData():20.11.41.6129] - G_C
[dhdComUSB::processData():20.11.42.1145] - G_C
[dhdComUSB::processData():20.11.42.6129] - G_C
[dhdComUSB::processData():20.11.43.1135] - G_C
[dhdComUSB::processData():20.11.43.6141] - G_C
[dhdComUSB::processData():20.11.44.1138] - G_C
[dhdComUSB::processData():20.11.44.6149] - G_C
[dhdComUSB::processData():20.11.45.1141] - G_C
[dhdComUSB::processData():20.11.45.6135] - G_C
[dhdComUSB::processData():20.11.46.1139] - G_C
[dhdComUSB::processData():20.11.46.6133] - G_C
[dhdComUSB::processData():20.11.47.1148] - G_C
[dhdComUSB::processData():20.11.47.6132] - G_C
[dhdComUSB::processData():20.11.48.1145] - G_C
[dhdComUSB::processData():20.11.48.6141] - G_C
[dhdComUSB::processData():20.11.49.1139] - G_C
[dhdComUSB::processData():20.11.49.6136] - G_C
[dhdComUSB::processData():20.11.50.1133] - G_C
[dhdComUSB::processData():20.11.50.6140] - G_C
[dhdComUSB::processData():20.11.51.1143] - G_C
[dhdComUSB::processData():20.11.51.6136] - G_C
[dhdComUSB::processData():20.11.52.1141] - G_C
[dhdComUSB::processData():20.11.52.6148] - G_C
[dhdComUSB::processData():20.11.53.1131] - G_C
[dhdComUSB::processData():20.11.53.6146] - G_C
[dhdComUSB::processData():20.11.54.1139] - G_C
[dhdComUSB::processData():20.11.54.6145] - G_C
[dhdComUSB::processData():20.11.55.1133] - G_C
[dhdComUSB::processData():20.11.55.6135] - G_C
[dhdComUSB::processData():20.11.56.1139] - G_C
[dhdComUSB::processData():20.11.56.6146] - G_C
[dhdComUSB::processData():20.11.57.1139] - G_C
[dhdComUSB::processData():20.11.57.6135] - G_C
[dhdComUSB::processData():20.11.58.1143] - G_C
[dhdComUSB::processData():20.11.58.6149] - G_C
[dhdComUSB::processData():20.11.59.1142] - G_C
[dhdComUSB::processData():20.11.59.6147] - G_C
[dhdComUSB::processData():20.12.00.1152] - G_C
[dhdComUSB::processData():20.12.00.6136] - G_C
[dhdComUSB::processData():20.12.01.1143] - G_C
[dhdComUSB::processData():20.12.01.6147] - G_C
[dhdComUSB::processData():20.12.02.1143] - G_C
[dhdComUSB::processData():20.12.02.6140] - G_C
[dhdComUSB::processData():20.12.03.1136] - G_C
[dhdComUSB::processData():20.12.03.6153] - G_C
[dhdComUSB::processData():20.12.04.1154] - G_C
[dhdComUSB::processData():20.12.04.6147] - G_C
[dhdComUSB::processData():20.12.05.1142] - G_C
[dhdComUSB::processData():20.12.05.6139] - G_C
[dhdComUSB::processData():20.12.06.1136] - G_C
[dhdComUSB::processData():20.12.06.6152] - G_C
[dhdComUSB::processData():20.12.07.1147] - G_C
[dhdComUSB::processData():20.12.07.6150] - G_C
[dhdComUSB::processData():20.12.08.1148] - G_C
[dhdComUSB::processData():20.12.08.6156] - G_C
[dhdComUSB::processData():20.12.09.1150] - G_C
[dhdComUSB::processData():20.12.09.6155] - G_C
[dhdComUSB::processData():20.12.10.1149] - G_C
[dhdComUSB::processData():20.12.10.6145] - G_C
[dhdComUSB::processData():20.12.11.1139] - G_C
[dhdComUSB::processData():20.12.11.6156] - G_C
[dhdComUSB::processData():20.12.12.1139] - G_C
[dhdComUSB::processData():20.12.12.6153] - G_C
[dhdComUSB::processData():20.12.13.1151] - G_C
[dhdComUSB::processData():20.12.13.6159] - G_C
[dhdComUSB::processData():20.12.14.1155] - G_C
[dhdComUSB::processData():20.12.14.6149] - G_C
[dhdComUSB::processData():20.12.15.1154] - G_C
[dhdComUSB::processData():20.12.15.6160] - G_C
[dhdComUSB::processData():20.12.16.1145] - G_C
[dhdComUSB::processData():20.12.16.6152] - G_C
[dhdComUSB::processData():20.12.17.1156] - G_C
[dhdComUSB::processData():20.12.17.6152] - G_C
[dhdComUSB::processData():20.12.18.1146] - G_C
[dhdComUSB::processData():20.12.18.6153] - G_C
[dhdComUSB::processData():20.12.19.1161] - G_C
[dhdComUSB::processData():20.12.19.6152] - G_C
[dhdComUSB::processData():20.12.20.1150] - G_C
[dhdComUSB::processData():20.12.20.6148] - G_C
[dhdComUSB::processData():20.12.21.1154] - G_C
[dhdComUSB::processData():20.12.21.6159] - G_C
[dhdComUSB::processData():20.12.22.1153] - G_C
[dhdComUSB::processData():20.12.22.6154] - G_C
[dhdComUSB::processData():20.12.23.1149] - G_C
[dhdComUSB::processData():20.12.23.6148] - G_C
[dhdComUSB::processData():20.12.24.1146] - G_C
[dhdComUSB::processData():20.12.24.6145] - G_C
[dhdComUSB::processData():20.12.25.1153] - G_C
[dhdComUSB::processData():20.12.25.6151] - G_C
[dhdComUSB::processData():20.12.26.1156] - G_C
[dhdComUSB::processData():20.12.26.6151] - G_C
[dhdComUSB::processData():20.12.27.1146] - G_C
[dhdComUSB::processData():20.12.27.6164] - G_C
[dhdComUSB::processData():20.12.28.1160] - G_C
[dhdComUSB::processData():20.12.28.6164] - G_C
[dhdComUSB::processData():20.12.29.1150] - G_C
[dhdComUSB::processData():20.12.29.6164] - G_C
[dhdComUSB::processData():20.12.30.1147] - G_C
[dhdComUSB::processData():20.12.30.6162] - G_C
[dhdComUSB::processData():20.12.31.1155] - G_C
[dhdComUSB::processData():20.12.31.6161] - G_C
[dhdComUSB::processData():20.12.32.1163] - G_C
[dhdComUSB::processData():20.12.32.6165] - G_C
[dhdComUSB::processData():20.12.33.1149] - G_C
[dhdComUSB::processData():20.12.33.6164] - G_C
[dhdComUSB::processData():20.12.34.1169] - G_C
[dhdComUSB::processData():20.12.34.6161] - G_C
[dhdComUSB::processData():20.12.35.1163] - G_C
[dhdComUSB::processData():20.12.35.6151] - G_C
[dhdComUSB::processData():20.12.36.1161] - G_C
[dhdComUSB::processData():20.12.36.6162] - G_C
[dhdComUSB::processData():20.12.37.1156] - G_C
[dhdComUSB::processData():20.12.37.6175] - G_C
[dhdComUSB::processData():20.12.38.1162] - G_C
[dhdComUSB::processData():20.12.38.6165] - G_C
[dhdComUSB::processData():20.12.39.1159] - G_C
[dhdComUSB::processData():20.12.39.6154] - G_C
[dhdComUSB::processData():20.12.40.1168] - G_C
[dhdComUSB::processData():20.12.40.6169] - G_C
[dhdComUSB::processData():20.12.41.1164] - G_C
[dhdComUSB::processData():20.12.41.6157] - G_C
[dhdComUSB::processData():20.12.42.1173] - G_C
[dhdComUSB::processData():20.12.42.6166] - G_C
[dhdComUSB::processData():20.12.43.1170] - G_C
[dhdComUSB::processData():20.12.43.6161] - G_C
[dhdComUSB::processData():20.12.44.1165] - G_C
[dhdComUSB::processData():20.12.44.6158] - G_C
[dhdComUSB::processData():20.12.45.1173] - G_C
[dhdComUSB::processData():20.12.45.6157] - G_C
[dhdComUSB::processData():20.12.46.1164] - G_C
[dhdComUSB::processData():20.12.46.6162] - G_C
[dhdComUSB::processData():20.12.47.1176] - G_C
[dhdComUSB::processData():20.12.47.6161] - G_C
[dhdComUSB::processData():20.12.48.1167] - G_C
[dhdComUSB::processData():20.12.48.6178] - G_C
[dhdComUSB::processData():20.12.49.1164] - G_C
[dhdComUSB::processData():20.12.49.6164] - G_C
[dhdComUSB::processData():20.12.50.1180] - G_C
[dhdComUSB::processData():20.12.50.6171] - G_C
[dhdComUSB::processData():20.12.51.1165] - G_C
[dhdComUSB::processData():20.12.51.6179] - G_C
[dhdComUSB::processData():20.12.52.1164] - G_C
[dhdComUSB::processData():20.12.52.6176] - G_C
[dhdComUSB::processData():20.12.53.1171] - G_C
[dhdComUSB::processData():20.12.53.6175] - G_C
[dhdComUSB::processData():20.12.54.1171] - G_C
[dhdComUSB::processData():20.12.54.6176] - G_C
[dhdComUSB::processData():20.12.55.1179] - G_C
[dhdComUSB::processData():20.12.55.6185] - G_C
[dhdComUSB::processData():20.12.56.1168] - G_C
[dhdComUSB::processData():20.12.56.6185] - G_C
[dhdComUSB::processData():20.12.57.1169] - G_C
[dhdComUSB::processData():20.12.57.6181] - G_C
[dhdComUSB::processData():20.12.58.1175] - G_C
[dhdComUSB::processData():20.12.58.6179] - G_C
[dhdComUSB::processData():20.12.59.1183] - G_C
[dhdComUSB::processData():20.12.59.6179] - G_C
[dhdComUSB::processData():20.13.00.1182] - G_C
[dhdComUSB::processData():20.13.00.6188] - G_C
[dhdComUSB::processData():20.13.01.1172] - G_C
[dhdComUSB::processData():20.13.01.6187] - G_C
[dhdComUSB::processData():20.13.02.1174] - G_C
[dhdComUSB::processData():20.13.02.6182] - G_C
[dhdComUSB::processData():20.13.02.7288] - G_C
[dhdComUSB::processData():20.13.03.1181] - G_C
[dhdComUSB::processData():20.13.03.6175] - G_C
[dhdComUSB::processData():20.13.04.1172] - G_C
[dhdComUSB::processData():20.13.04.6187] - G_C
[dhdComUSB::processData():20.13.05.1180] - G_C
[dhdComUSB::processData():20.13.05.6184] - G_C
[dhdComUSB::processData():20.13.06.1176] - G_C
[dhdComUSB::processData():20.13.06.6190] - G_C
[dhdComUSB::processData():20.13.07.1174] - G_C
[dhdComUSB::processData():20.13.07.6180] - G_C
[dhdComUSB::processData():20.13.08.1192] - G_C
[dhdComUSB::processData():20.13.08.6185] - G_C
[dhdComUSB::processData():20.13.09.1190] - G_C
[dhdComUSB::processData():20.13.09.6184] - G_C
[dhdComUSB::processData():20.13.10.1187] - G_C
[dhdComUSB::processData():20.13.10.6184] - G_C
[dhdComUSB::processData():20.13.11.1179] - G_C
[dhdComUSB::processData():20.13.11.6194] - G_C
[dhdComUSB::processData():20.13.11.7843] - G_C
[dhdComUSB::processData():20.13.12.1184] - G_C
[dhdComUSB::processData():20.13.12.6190] - G_C
[dhdComUSB::processData():20.13.13.1185] - G_C
[dhdComUSB::processData():20.13.13.6180] - G_C
[dhdComUSB::processData():20.13.14.1195] - G_C
[dhdComUSB::processData():20.13.14.6180] - G_C
[dhdComUSB::processData():20.13.15.1192] - G_C
[dhdComUSB::processData():20.13.15.6196] - G_C
[dhdComUSB::processData():20.13.16.1182] - G_C
[dhdComUSB::processData():20.13.16.6197] - G_C
[dhdComUSB::processData():20.13.17.1190] - G_C
[dhdComUSB::processData():20.13.17.6192] - G_C
[dhdComUSB::processData():20.13.18.1198] - G_C
[dhdComUSB::processData():20.13.18.6192] - G_C
[dhdComUSB::processData():20.13.19.1196] - G_C
[dhdComUSB::processData():20.13.19.6190] - G_C
[dhdComUSB::processData():20.13.20.1194] - G_C
[dhdComUSB::processData():20.13.20.6189] - G_C
[dhdComUSB::processData():20.13.21.1185] - G_C
[dhdComUSB::processData():20.13.21.6201] - G_C
[dhdComUSB::processData():20.13.22.1196] - G_C
[dhdComUSB::processData():20.13.22.6191] - G_C
[dhdComUSB::processData():20.13.23.1191] - G_C
[dhdComUSB::processData():20.13.23.6200] - G_C
[dhdComUSB::processData():20.13.24.1188] - G_C
[dhdComUSB::processData():20.13.24.6184] - G_C
[dhdComUSB::processData():20.13.25.1196] - G_C
[dhdComUSB::processData():20.13.25.6191] - G_C
[dhdComUSB::processData():20.13.26.1192] - G_C
[dhdComUSB::processData():20.13.26.6186] - G_C
[dhdComUSB::processData():20.13.27.1191] - G_C
[dhdComUSB::processData():20.13.27.6185] - G_C
[dhdComUSB::processData():20.13.28.1182] - G_C
[dhdComUSB::processData():20.13.28.6196] - G_C
[dhdComUSB::processData():20.13.29.1191] - G_C
[dhdComUSB::processData():20.13.29.6186] - G_C
[dhdComUSB::processData():20.13.30.1191] - G_C
[dhdComUSB::processData():20.13.30.6186] - G_C
[dhdComUSB::processData():20.13.31.1192] - G_C
[dhdComUSB::processData():20.13.31.6194] - G_C
[dhdComUSB::processData():20.13.32.1189] - G_C
[dhdComUSB::processData():20.13.32.6193] - G_C
[dhdComUSB::processData():20.13.33.1199] - G_C
[dhdComUSB::processData():20.13.33.6183] - G_C
[dhdComUSB::processData():20.13.34.1198] - G_C
[dhdComUSB::processData():20.13.34.6182] - G_C
[dhdComUSB::processData():20.13.35.1188] - G_C
[dhdComUSB::processData():20.13.35.6194] - G_C
[dhdComUSB::processData():20.13.36.1200] - G_C
[dhdComUSB::processData():20.13.36.6187] - G_C
[dhdComUSB::processData():20.13.37.1184] - G_C
[dhdComUSB::processData():20.13.37.6197] - G_C
[dhdComUSB::processData():20.13.38.1194] - G_C
[dhdComUSB::processData():20.13.38.6200] - G_C
[dhdComUSB::processData():20.13.39.1186] - G_C
[dhdComUSB::processData():20.13.39.6183] - G_C
[dhdComUSB::processData():20.13.40.1190] - G_C
[dhdComUSB::processData():20.13.40.6195] - G_C
[dhdComUSB::processData():20.13.41.1191] - G_C
[dhdComUSB::processData():20.13.41.6186] - G_C
[dhdComUSB::processData():20.13.42.1200] - G_C
[dhdComUSB::processData():20.13.42.6184] - G_C
[dhdComUSB::processData():20.13.43.1198] - G_C
[dhdComUSB::processData():20.13.43.6182] - G_C
[dhdComUSB::processData():20.13.44.1198] - G_C
[dhdComUSB::processData():20.13.44.6201] - G_C
[dhdComUSB::processData():20.13.45.1192] - G_C
[dhdComUSB::processData():20.13.45.6199] - G_C
[dhdComUSB::processData():20.13.46.1184] - G_C
[dhdComUSB::processData():20.13.46.6190] - G_C
[dhdComUSB::processData():20.13.47.1193] - G_C
[dhdComUSB::processData():20.13.47.6188] - G_C
[dhdComUSB::processData():20.13.48.1191] - G_C
[dhdComUSB::processData():20.13.48.6185] - G_C
[dhdComUSB::processData():20.13.49.1182] - G_C
[dhdComUSB::processData():20.13.49.6182] - G_C
[dhdComUSB::processData():20.13.50.1187] - G_C
[dhdComUSB::processData():20.13.50.6193] - G_C
[dhdComUSB::processData():20.13.51.1191] - G_C
[dhdComUSB::processData():20.13.51.6184] - G_C
[dhdComUSB::processData():20.13.52.1198] - G_C
[dhdComUSB::processData():20.13.52.6196] - G_C
[dhdComUSB::processData():20.13.53.1193] - G_C
[dhdComUSB::processData():20.13.53.6193] - G_C
[dhdComUSB::processData():20.13.54.1188] - G_C
[dhdComUSB::processData():20.13.54.6200] - G_C
[dhdComUSB::processData():20.13.55.1198] - G_C
[dhdComUSB::processData():20.13.55.6192] - G_C
[dhdComUSB::processData():20.13.56.1196] - G_C
[dhdComUSB::processData():20.13.56.6199] - G_C
[dhdComUSB::processData():20.13.57.1184] - G_C
[dhdComUSB::processData():20.13.57.6198] - G_C
[dhdComUSB::processData():20.13.58.1192] - G_C
[dhdComUSB::processData():20.13.58.6195] - G_C
[dhdComUSB::processData():20.13.59.1189] - G_C
[dhdComUSB::processData():20.13.59.6202] - G_C
[dhdComUSB::processData():20.14.00.1188] - G_C
[dhdComUSB::processData():20.14.00.6201] - G_C
[dhdComUSB::processData():20.14.01.1193] - G_C
[dhdComUSB::processData():20.14.01.6197] - G_C
[dhdComUSB::processData():20.14.02.1189] - G_C
[dhdComUSB::processData():20.14.02.6203] - G_C
[dhdComUSB::processData():20.14.03.1187] - G_C
[dhdComUSB::processData():20.14.03.6202] - G_C
[dhdComUSB::processData():20.14.04.1195] - G_C
[dhdComUSB::processData():20.14.04.6189] - G_C
[dhdComUSB::processData():20.14.05.1201] - G_C
[dhdComUSB::processData():20.14.05.6194] - G_C
[dhdComUSB::processData():20.14.06.1200] - G_C
[dhdComUSB::processData():20.14.06.6192] - G_C
[dhdComUSB::processData():20.14.07.1206] - G_C
[dhdComUSB::processData():20.14.07.6188] - G_C
[dhdComUSB::processData():20.14.08.1202] - G_C
[dhdComUSB::processData():20.14.08.6197] - G_C
[dhdComUSB::processData():20.14.09.1200] - G_C
[dhdComUSB::processData():20.14.09.6194] - G_C
[dhdComUSB::processData():20.14.10.1206] - G_C
[dhdComUSB::processData():20.14.10.6190] - G_C
[dhdComUSB::processData():20.14.11.1205] - G_C
[dhdComUSB::processData():20.14.11.6198] - G_C
[dhdComUSB::processData():20.14.12.1201] - G_C
[dhdComUSB::processData():20.14.12.6196] - G_C
[dhdComUSB::processData():20.14.13.1207] - G_C
[dhdComUSB::processData():20.14.13.6192] - G_C
[dhdComUSB::processData():20.14.14.1197] - G_C
[dhdComUSB::processData():20.14.14.6202] - G_C
[dhdComUSB::processData():20.14.15.1198] - G_C
[dhdComUSB::processData():20.14.15.6202] - G_C
[dhdComUSB::processData():20.14.16.1207] - G_C
[dhdComUSB::processData():20.14.16.6200] - G_C
[dhdComUSB::processData():20.14.17.1215] - G_C
[dhdComUSB::processData():20.14.17.6211] - G_C
[dhdComUSB::processData():20.14.18.1203] - G_C
[dhdComUSB::processData():20.14.18.6208] - G_C
[dhdComUSB::processData():20.14.19.1203] - G_C
[dhdComUSB::processData():20.14.19.6200] - G_C
[dhdComUSB::processData():20.14.20.1214] - G_C
[dhdComUSB::processData():20.14.20.6210] - G_C
[dhdComUSB::processData():20.14.21.1207] - G_C
[dhdComUSB::processData():20.14.21.6219] - G_C
[dhdComUSB::processData():20.14.22.1215] - G_C
[dhdComUSB::processData():20.14.22.6210] - G_C
[dhdComUSB::processData():20.14.23.1214] - G_C
[dhdComUSB::processData():20.14.23.6222] - G_C
[dhdComUSB::processData():20.14.24.1206] - G_C
[dhdComUSB::processData():20.14.24.6220] - G_C
[dhdComUSB::processData():20.14.25.1215] - G_C
[dhdComUSB::processData():20.14.25.6209] - G_C
[dhdComUSB::processData():20.14.26.1223] - G_C
[dhdComUSB::processData():20.14.26.6208] - G_C
[dhdComUSB::processData():20.14.27.1221] - G_C
[dhdComUSB::processData():20.14.27.6215] - G_C
[dhdComUSB::processData():20.14.28.1209] - G_C
[dhdComUSB::processData():20.14.28.6224] - G_C
[dhdComUSB::processData():20.14.29.1207] - G_C
[dhdComUSB::processData():20.14.29.6222] - G_C
[dhdComUSB::processData():20.14.30.1219] - G_C
[dhdComUSB::processData():20.14.30.6213] - G_C
[dhdComUSB::processData():20.14.31.1220] - G_C
[dhdComUSB::processData():20.14.31.6223] - G_C
[dhdComUSB::processData():20.14.32.1216] - G_C
[dhdComUSB::processData():20.14.32.6221] - G_C
[dhdComUSB::processData():20.14.33.1227] - G_C
[dhdComUSB::processData():20.14.33.6227] - G_C
[dhdComUSB::processData():20.14.34.1214] - G_C
[dhdComUSB::processData():20.14.34.6220] - G_C
[dhdComUSB::processData():20.14.35.1222] - G_C
[dhdComUSB::processData():20.14.35.6217] - G_C
[dhdComUSB::processData():20.14.36.1232] - G_C
[dhdComUSB::processData():20.14.36.6228] - G_C
[dhdComUSB::processData():20.14.37.1221] - G_C
[dhdComUSB::processData():20.14.37.6218] - G_C
[dhdComUSB::processData():20.14.38.1234] - G_C
[dhdComUSB::processData():20.14.38.6230] - G_C
[dhdComUSB::processData():20.14.39.1223] - G_C
[dhdComUSB::processData():20.14.39.6221] - G_C
[dhdComUSB::processData():20.14.40.1221] - G_C
[dhdComUSB::processData():20.14.40.6235] - G_C
[dhdComUSB::processData():20.14.41.1219] - G_C
[dhdComUSB::processData():20.14.41.6226] - G_C
[dhdComUSB::processData():20.14.42.1230] - G_C
[dhdComUSB::processData():20.14.42.6224] - G_C
[dhdComUSB::processData():20.14.43.1238] - G_C
[dhdComUSB::processData():20.14.43.6233] - G_C
[dhdComUSB::processData():20.14.44.1220] - G_C
[dhdComUSB::processData():20.14.44.6225] - G_C
[dhdComUSB::processData():20.14.45.1238] - G_C
[dhdComUSB::processData():20.14.45.6223] - G_C
[dhdComUSB::processData():20.14.46.1220] - G_C
[dhdComUSB::processData():20.14.46.6235] - G_C
[dhdComUSB::processData():20.14.47.1229] - G_C
[dhdComUSB::processData():20.14.47.6234] - G_C
[dhdComUSB::processData():20.14.48.1237] - G_C
[dhdComUSB::processData():20.14.48.6220] - G_C
[dhdComUSB::processData():20.14.49.1235] - G_C
[dhdComUSB::processData():20.14.49.6222] - G_C
[dhdComUSB::processData():20.14.50.1225] - G_C
[dhdComUSB::processData():20.14.50.6240] - G_C
[dhdComUSB::processData():20.14.51.1222] - G_C
[dhdComUSB::processData():20.14.51.6239] - G_C
[dhdComUSB::processData():20.14.52.1233] - G_C
[dhdComUSB::processData():20.14.52.6242] - G_C
[dhdComUSB::processData():20.14.53.1227] - G_C
[dhdComUSB::processData():20.14.53.6242] - G_C
[dhdComUSB::processData():20.14.54.1236] - G_C
[dhdComUSB::processData():20.14.54.6231] - G_C
[dhdComUSB::processData():20.14.55.1235] - G_C
[dhdComUSB::processData():20.14.55.6229] - G_C
[dhdComUSB::processData():20.14.56.1226] - G_C
[dhdComUSB::processData():20.14.56.6241] - G_C
[dhdComUSB::processData():20.14.57.1236] - G_C
[dhdComUSB::processData():20.14.57.6238] - G_C
[dhdComUSB::processData():20.14.58.1231] - G_C
[dhdComUSB::processData():20.14.58.6247] - G_C
[dhdComUSB::processData():20.14.59.1244] - G_C
[dhdComUSB::processData():20.14.59.6228] - G_C
[dhdComUSB::processData():20.15.00.1232] - G_C
[dhdComUSB::processData():20.15.00.6246] - G_C
[dhdComUSB::processData():20.15.01.1230] - G_C
[dhdComUSB::processData():20.15.01.6246] - G_C
[dhdComUSB::processData():20.15.02.1229] - G_C
[dhdComUSB::processData():20.15.02.6233] - G_C
[dhdComUSB::processData():20.15.03.1248] - G_C
[dhdComUSB::processData():20.15.03.6233] - G_C
[dhdComUSB::processData():20.15.04.1247] - G_C
[dhdComUSB::processData():20.15.04.6240] - G_C
[dhdComUSB::processData():20.15.05.1237] - G_C
[dhdComUSB::processData():20.15.05.6249] - G_C
[dhdComUSB::processData():20.15.06.1233] - G_C
[dhdComUSB::processData():20.15.06.6248] - G_C
[dhdComUSB::processData():20.15.07.1242] - G_C
[dhdComUSB::processData():20.15.07.6246] - G_C
[dhdComUSB::processData():20.15.08.1240] - G_C
[dhdComUSB::processData():20.15.08.6252] - G_C
[dhdComUSB::processData():20.15.09.1248] - G_C
[dhdComUSB::processData():20.15.09.6244] - G_C
[dhdComUSB::processData():20.15.10.1248] - G_C
[dhdComUSB::processData():20.15.10.6250] - G_C
[dhdComUSB::processData():20.15.11.1235] - G_C
[dhdComUSB::processData():20.15.11.6249] - G_C
[dhdComUSB::processData():20.15.12.1244] - G_C
[dhdComUSB::processData():20.15.12.6248] - G_C
[dhdComUSB::processData():20.15.13.1242] - G_C
[dhdComUSB::processData():20.15.13.6244] - G_C
[dhdComUSB::processData():20.15.14.1239] - G_C
[dhdComUSB::processData():20.15.14.6235] - G_C
[dhdComUSB::processData():20.15.15.1251] - G_C
[dhdComUSB::processData():20.15.15.6254] - G_C
[dhdComUSB::processData():20.15.16.1247] - G_C
[dhdComUSB::processData():20.15.16.6253] - G_C
[dhdComUSB::processData():20.15.17.1238] - G_C
[dhdComUSB::processData():20.15.17.6253] - G_C
[dhdComUSB::processData():20.15.18.1248] - G_C
[dhdComUSB::processData():20.15.18.6243] - G_C
[dhdComUSB::processData():20.15.19.1244] - G_C
[dhdComUSB::processData():20.15.19.6238] - G_C
[dhdComUSB::processData():20.15.20.1244] - G_C
[dhdComUSB::processData():20.15.20.6249] - G_C
[dhdComUSB::processData():20.15.21.1235] - G_C
[dhdComUSB::processData():20.15.21.6240] - G_C
[dhdComUSB::processData():20.15.22.1245] - G_C
[dhdComUSB::processData():20.15.22.6252] - G_C
[dhdComUSB::processData():20.15.23.1245] - G_C
[dhdComUSB::processData():20.15.23.6252] - G_C
[dhdComUSB::processData():20.15.24.1246] - G_C
[dhdComUSB::processData():20.15.24.6242] - G_C
[dhdComUSB::processData():20.15.25.1247] - G_C
[dhdComUSB::processData():20.15.25.6254] - G_C
[dhdComUSB::processData():20.15.26.1250] - G_C
[dhdComUSB::processData():20.15.26.6246] - G_C
[dhdComUSB::processData():20.15.27.1248] - G_C
[dhdComUSB::processData():20.15.27.6242] - G_C
[dhdComUSB::processData():20.15.28.1256] - G_C
[dhdComUSB::processData():20.15.28.6252] - G_C
[dhdComUSB::processData():20.15.29.1248] - G_C
[dhdComUSB::processData():20.15.29.6251] - G_C
[dhdComUSB::processData():20.15.30.1244] - G_C
[dhdComUSB::processData():20.15.30.6262] - G_C
[dhdComUSB::processData():20.15.31.1255] - G_C
[dhdComUSB::processData():20.15.31.6252] - G_C
[dhdComUSB::processData():20.15.32.1245] - G_C
[dhdComUSB::processData():20.15.32.6252] - G_C
[dhdComUSB::processData():20.15.33.1256] - G_C
[dhdComUSB::processData():20.15.33.6241] - G_C
[dhdComUSB::processData():20.15.34.1257] - G_C
[dhdComUSB::processData():20.15.34.6252] - G_C
[dhdComUSB::processData():20.15.35.1246] - G_C
[dhdComUSB::processData():20.15.35.6258] - G_C
[dhdComUSB::processData():20.15.36.1242] - G_C
[dhdComUSB::processData():20.15.36.6256] - G_C
[dhdComUSB::processData():20.15.37.1250] - G_C
[dhdComUSB::processData():20.15.37.6255] - G_C
[dhdComUSB::processData():20.15.38.1259] - G_C
[dhdComUSB::processData():20.15.38.6245] - G_C
[dhdComUSB::processData():20.15.39.1257] - G_C
[dhdComUSB::processData():20.15.39.6250] - G_C
[dhdComUSB::processData():20.15.40.1254] - G_C
[dhdComUSB::processData():20.15.40.6259] - G_C
[dhdComUSB::processData():20.15.41.1246] - G_C
[dhdComUSB::processData():20.15.41.6261] - G_C
[dhdComUSB::processData():20.15.42.1256] - G_C
[dhdComUSB::processData():20.15.42.6251] - G_C
[dhdComUSB::processData():20.15.43.1257] - G_C
[dhdComUSB::processData():20.15.43.6255] - G_C
[dhdComUSB::processData():20.15.44.1261] - G_C
[dhdComUSB::processData():20.15.44.6244] - G_C
[dhdComUSB::processData():20.15.45.1253] - G_C
[dhdComUSB::processData():20.15.45.6256] - G_C
[dhdComUSB::processData():20.15.46.1249] - G_C
[dhdComUSB::processData():20.15.46.6255] - G_C
[dhdComUSB::processData():20.15.47.1259] - G_C
[dhdComUSB::processData():20.15.47.6254] - G_C
[dhdComUSB::processData():20.15.48.1251] - G_C
[dhdComUSB::processData():20.15.48.6266] - G_C
[dhdComUSB::processData():20.15.49.1262] - G_C
[dhdComUSB::processData():20.15.49.6247] - G_C
[dhdComUSB::processData():20.15.50.1261] - G_C
[dhdComUSB::processData():20.15.50.6257] - G_C
[dhdComUSB::processData():20.15.51.1252] - G_C
[dhdComUSB::processData():20.15.51.6266] - G_C
[dhdComUSB::processData():20.15.52.1264] - G_C
[dhdComUSB::processData():20.15.52.6259] - G_C
[dhdComUSB::processData():20.15.53.1264] - G_C
[dhdComUSB::processData():20.15.53.6263] - G_C
[dhdComUSB::processData():20.15.54.1266] - G_C
[dhdComUSB::processData():20.15.54.6251] - G_C
[dhdComUSB::processData():20.15.55.1259] - G_C
[dhdComUSB::processData():20.15.55.6260] - G_C
[dhdComUSB::processData():20.15.56.1268] - G_C
[dhdComUSB::processData():20.15.56.6254] - G_C
[dhdComUSB::dhdComUSB():20.15.56.9635] - Constructor
[dhdComUSB::close():20.15.56.9636] - Closed
[dhdOpenWithReset():20.15.57.0010] - currentDevice = 0, l_serNum = 16000329, is NOT smart
[dhdOpenWithReset():20.15.57.0131] - l_serNum after getFileName = 16000329
[dhdOpenWithReset():20.15.57.0136] - Found falcon_12_0101.bin at C:\Program Files (x86)\Novint\Falcon\HDAL\bin\falcon_12_0101.bin
[dhdOpenWithReset():20.15.57.0137] - comUSB[0]open(16000329, C:\Program Files (x86)\Novint\Falcon\HDAL\bin\falcon_12_0101.bin, False)
[dhdComUSB::open():20.15.57.0137] - Open(C:\Program Files (x86)\Novint\Falcon\HDAL\bin\falcon_12_0101.bin, false)
[dhdComUSB::open():20.15.57.0151] - OpenUSBPort succeeded after 1 tries
[dhdComUSB::open():20.15.57.0152] - deviceType = 0
[dhdComUSB::open():20.15.57.0152] - deviceID   = 67357512d
[dhdComUSB::open():20.15.57.0153] - deviceSN   = 16000329
[dhdComUSB::open():20.15.57.0153] - deviceDesc = FALCON HAPTIC
[dhdComUSB::OpenDeviceCommunications():20.15.57.0154] - Set Baud Rate Status: 0
[dhdComUSB::OpenDeviceCommunications():20.15.57.0553] - update() failed
[dhdComUSB::OpenDeviceCommunications():20.15.57.0867] - update() okay after 2 updates
[dhdComUSB::OpenDeviceCommunications():20.15.57.0867] - Returning 0
[dhdComUSB::changeGrip():20.15.57.2867] - New Grip: G_A
[dhdComUSB::changeGrip():20.15.57.2868] - Started grip change
[changeGripThreadFunc::20.15.57.2870] - deleting old grip object
[changeGripThreadFunc::20.15.57.2870] - Loading grip type G_A
[changeGripThreadFunc::20.15.57.4320] - Loading delta
[dhdDelta():20.15.57.4326] - Did not find FalconCommon.txt
[changeGripThreadFunc::20.15.57.4327] - Done loading new grip
[dhdComUSB::processData():20.15.57.4462] - G_C
[dhdComUSB::changeGrip():20.15.57.4462] - New Grip: G_C
[dhdComUSB::changeGrip():20.15.57.4464] - Started grip change
[changeGripThreadFunc::20.15.57.4466] - deleting old grip object
[changeGripThreadFunc::20.15.57.4469] - Loading grip type G_C
[changeGripThreadFunc::20.15.57.4517] - Loading delta
[dhdDelta():20.15.57.4521] - Did not find FalconCommon.txt
[changeGripThreadFunc::20.15.57.4521] - Done loading new grip
[dhdComUSB::processData():20.15.57.4928] - G_C
[dhdComUSB::processData():20.15.57.6809] - G_C
[dhdComUSB::tryCalibration():20.15.58.0720] - HomeDisabled, LED Blue
[dhdComUSB::processData():20.15.58.3290] - G_C
[dhdComUSB::processData():20.15.58.6260] - G_C
[dhdComUSB::processData():20.15.59.1265] - G_C
[dhdComUSB::processData():20.15.59.6269] - G_C
[dhdComUSB::processData():20.16.00.1252] - G_C
[dhdComUSB::processData():20.16.00.6268] - G_C
[dhdComUSB::processData():20.16.01.1261] - G_C
[dhdComUSB::processData():20.16.01.6263] - G_C
[dhdComUSB::processData():20.16.02.1262] - G_C
[dhdComUSB::processData():20.16.02.6256] - G_C
[dhdComUSB::processData():20.16.03.1261] - G_C
[dhdComUSB::processData():20.16.03.6265] - G_C
[dhdComUSB::processData():20.16.04.1259] - G_C
[dhdComUSB::processData():20.16.04.6263] - G_C
[dhdComUSB::processData():20.16.05.1256] - G_C
[dhdComUSB::processData():20.16.05.6264] - G_C
[dhdComUSB::processData():20.16.06.1266] - G_C
[dhdComUSB::processData():20.16.06.6258] - G_C
[dhdComUSB::processData():20.16.07.1273] - G_C
[dhdComUSB::processData():20.16.07.6258] - G_C
[dhdComUSB::processData():20.16.08.1264] - G_C
[dhdComUSB::processData():20.16.08.6269] - G_C
[dhdComUSB::processData():20.16.09.1261] - G_C
[dhdComUSB::processData():20.16.09.6268] - G_C
[dhdComUSB::processData():20.16.10.1258] - G_C
[dhdComUSB::processData():20.16.10.6272] - G_C
[dhdComUSB::processData():20.16.11.1257] - G_C
[dhdComUSB::processData():20.16.11.6262] - G_C
[dhdComUSB::processData():20.16.12.1268] - G_C
[dhdComUSB::dhdComUSB():20.16.12.3089] - Constructor
[dhdComUSB::close():20.16.12.3090] - Closed
